[LOG]: 
{'timestamp': '2024-08-18T23:27:07.462310', 'role': 'user', 'message': '人工智能伦理主要涉及哪几个方面'}
=============================
[LOG]: 
{'timestamp': '2024-08-18T23:27:10.735613', 'role': 'assistant', 'message': '人工智能伦理主要涉及以下几个方面：\n\n1. 隐私保护：在保护用户个人数据不被滥用或未经同意的情况下使用。\n2. 公平和公正：确保人工智能系统在决策过程中不产生偏见，对所有人公平对待。\n3. 透明度和可解释性：人工智能系统的决策过程应该是透明的，用户能够理解其决策依据。\n4. 责任和问责：明确哪些个人或组织对人工智能系统的行为和决策负有责任。\n5. 安全性：确保人工智能系统在设计和运行中不会对用户或社会造成危害。\n\n这些方面都旨在确保人工智能的发展和应用对用户和社会带来积极影响，同时尽量减少潜在的负面作用。'}
=============================
[LOG]: 
{'timestamp': '2024-08-18T23:28:58.087861', 'role': 'user', 'message': '我现在要写一篇“人工智能伦理”主题的论文，请你帮我提供一下可以进行综述的方面'}
=============================
[LOG]: 
{'timestamp': '2024-08-18T23:29:02.628545', 'role': 'assistant', 'message': '当然可以！在撰写关于“人工智能伦理”的论文时，你可以从以下几个方面进行综述：\n\n1. **隐私与数据保护**：\n   - 探讨人工智能在数据收集、存储和使用上的伦理问题，尤其是如何保护用户隐私。\n\n2. **算法偏见与公平性**：\n   - 研究算法可能带来的偏见和歧视问题，及其如何影响不同群体。\n\n3. **透明度与可解释性**：\n   - 讨论人工智能算法的透明度，以及如何提高其可解释性，使用户能够理解人工智能决策的过程。\n\n4. **责任与法律框架**：\n   - 分析在人工智能决策过程中出现问题时，如何归责以及现有的法律框架是否足够。\n\n5. **道德决策与自动化**：\n   - 探讨人工智能在道德决策中的应用，以及它在自动化过程中面临的伦理挑战。\n\n6. **就业与经济影响**：\n   - 研究人工智能对就业市场和经济的影响，及其带来的伦理问题。\n\n7. **安全与监控**：\n   - 讨论人工智能在安全和监控中的应用，以及它们带来的隐私和伦理问题。\n\n8. **人工智能自主性**：\n   - 探讨具有高度自主性的人工智能系统的伦理问题，包括它们的行为规范和决策权利。\n\n通过这些方面，你可以综合讨论人工智能在发展过程中的多维度伦理问题，希望这些建议对你有所帮助！'}
=============================
[LOG]: 
{'timestamp': '2024-08-18T23:31:02.791734', 'role': 'user', 'message': '请在“隐私与数据保护”和“透明度与可解释性”两个方面进行进一步的讨论，并补充相应的论据'}
=============================
[LOG]: 
{'timestamp': '2024-08-18T23:31:12.106389', 'role': 'assistant', 'message': '在讨论 “隐私与数据保护” 和 “透明度与可解释性” 这两个方面时，可以从以下几点进行详细探讨，并补充相应的论据。\n\n### 隐私与数据保护\n\n**1. 用户数据隐私的重要性：**\n   * 在当前的数字化时代，用户数据隐私的保护变得尤为重要。个人信息泄露可能导致身份盗窃、财务损失等严重问题，甚至影响到用户的社会地位和个人声誉。\n   * 论据：根据国际隐私权协会（International Association of Privacy Professionals, IAPP）的调查，约62%的消费者表示担心他们的个人信息在网络上的安全问题。\n\n**2. 数据保护法规：**\n   * 多国政府已经意识到数据保护的重要性，并出台相应的法规来保护用户隐私。例如，欧盟的《通用数据保护条例》（GDPR）规定了严格的数据处理和保护标准，极大提升了用户数据的安全性。\n   * 论据：《通用数据保护条例》(GDPR)自2018年实施以来，已经对违法公司累计罚款超过5亿欧元，极大增强了用户数据的保护。\n\n**3. 企业责任：**\n   * 企业在收集、存储和处理用户数据时应该承担重要的责任。需要采取加密、匿名化等技术手段保护用户数据，确保用户知情同意。\n   * 论据：例子如苹果公司在其隐私保护政策中对用户数据加密处理，并明确告知用户数据如何被使用。\n\n### 透明度与可解释性\n\n**1. 提高用户信任：**\n   * 透明度和可解释性是建立用户信任的基石。用户需要知道企业如何收集和使用他们的数据。如果企业对数据处理流程保持透明，并提供可理解的解释，用户将更有可能信任企业。\n   * 论据：根据普华永道（PwC）的一项调查，超过84% 的消费者表示，如果企业能明确解释数据使用方式，他们更倾向于信任该企业。\n\n**2. 避免误用和滥用：**\n   * 透明度可以帮助避免数据的误用和滥用。当企业公开其数据处理方式和目的，用户和监管机构可以更容易地监督和发现不当行为。\n   * 论据：剑桥分析公司（Cambridge Analytica）滥用Facebook用户数据的事件表明，缺乏透明度的情况下数据使用可以被恶意操控，导致严重的社会问题和企业信任危机。\n\n**3. 法规要求：**\n   * 许多数据保护法规要求企业提高透明度并提供数据使用的可解释性。例如，GDPR要求企业必须清晰、简明地向用户解释其数据处理活动的目的和流程。\n   * 论据：美国《加利福尼亚消费者隐私法案》（CCPA）也有类似条款，要求企业必须向消费者披露其数据收集和使用的详细信息。\n\n通过从隐私与数据保护和透明度与可解释性这两个方面进行更深入的探讨，并结合具体论据，不仅可以全面解释这些概念的重要性，还能为如何在实际操作中落实提供有力支持。'}
=============================
[LOG]: 
{'timestamp': '2024-08-18T23:33:07.086132', 'role': 'user', 'message': '我想学习如何使用Python提取表格中某列数据，并将其按从小到大的顺序排列，请提供代码'}
=============================
[LOG]: 
{'timestamp': '2024-08-18T23:33:10.020550', 'role': 'assistant', 'message': "当然，这是一个示例代码，教你如何使用Python提取表格中的某列数据，然后将其按从小到大的顺序排列。假设表格是一个CSV文件：\n\n```python\nimport pandas as pd\n\n# 读取CSV文件\ndf = pd.read_csv('your_file.csv')\n\n# 假设你想提取的列名是'column_name'\ncolumn_data = df['column_name']\n\n# 对列数据进行排序\nsorted_data = column_data.sort_values()\n\n# 输出排序后的数据\nprint(sorted_data)\n```\n\n在这个代码中，我们使用了`pandas`库。如果你还没有安装`pandas`，可以使用以下命令进行安装：\n\n```bash\npip install pandas\n```\n\n希望这个示例能帮到你！如果有其他问题，随时问我。"}
=============================
[LOG]: 
{'timestamp': '2024-08-18T23:37:56.590848', 'role': 'user', 'message': '我是刚开始博士阶段的学生，没有使用过python语言，如果我想用python提取某个表格中某列数据并将其按照从小到大的顺序排列，我应该怎样编程？'}
=============================
[LOG]: 
{'timestamp': '2024-08-18T23:37:59.789351', 'role': 'assistant', 'message': "你可以使用Python的pandas库来提取某个表格中的某列数据并将其按照从小到大的顺序排列。以下是一个简单的示例代码：\n\n1. 首先，确保你已经安装了pandas库。如果没有安装，可以使用以下命令来安装：\n   ```sh\n   pip install pandas\n   ```\n\n2. 然后，你可以使用以下代码来读取表格、提取某列数据并进行排序：\n   ```python\n   import pandas as pd\n\n   # 读取表格数据，假设表格是csv格式的\n   df = pd.read_csv('your_table.csv')\n\n   # 提取某列数据，假设你要提取的列名是 'column_name'\n   column_data = df['column_name']\n\n   # 按照从小到大的顺序排序\n   sorted_data = column_data.sort_values()\n\n   # 如果需要，将排序后的数据保存到新的csv文件\n   sorted_data.to_csv('sorted_column.csv', index=False)\n\n   print(sorted_data)\n   ```\n\n在这个示例中，请将`'your_table.csv'`替换为你的表格文件的路径，`'column_name'`替换为你想要提取的列名。运行这个代码后，你会得到排序后的列数据。"}
=============================
[LOG]: 
{'timestamp': '2024-08-18T23:41:40.608251', 'role': 'user', 'message': '我的研究方向是航天用铝合金的焊接，请你介绍一下该领域还需要进行哪些方面的研究'}
=============================
[LOG]: 
{'timestamp': '2024-08-18T23:41:45.156021', 'role': 'assistant', 'message': '航天用铝合金的焊接是一个非常重要的研究方向。虽然该领域已经取得了很多进展，但仍然有多个方面需要进一步探索和研究，包括但不限于：\n\n1. **焊接工艺优化**：不同的焊接方法（如搅拌摩擦焊、电弧焊、激光焊等）对于铝合金的效果不同，需要进一步优化各自的工艺参数，以达到最佳的焊接效果。\n\n2. **焊接接头性能研究**：焊接接头的力学性能，包括抗疲劳性、断裂韧性和抗腐蚀性等，需要进行深入研究，尤其是在极端航天环境下的表现。\n\n3. **微观结构分析**：焊接过程中会产生复杂的微观结构变化，这些变化会影响材料的最终性能。需要利用先进的微观分析技术深入研究焊接区域的微观组织和相变过程。\n\n4. **热处理工艺**：焊接后的热处理工艺对提高焊接接头的性能至关重要，需要进一步研究最佳的热处理方案和工艺参数。\n\n5. **模拟与仿真**：开发先进的计算模型和仿真工具，预测焊接过程中的热传递、应力应变分布以及微观结构演变，从而指导实际的焊接工艺。\n\n6. **新型铝合金材料**：探索和开发具有更高强度、更好耐腐蚀性能和更轻重量的新型铝合金材料，并研究其可焊性和焊接方法。\n\n7. **自动化和智能化焊接**：推进焊接过程的自动化和智能化，包括机器人焊接和焊接过程监控技术，提高焊接质量和效率。\n\n希望这些方向能够为你的研究提供一些启示和帮助。'}
=============================
[LOG]: 
{'timestamp': '2024-08-18T23:43:08.045741', 'role': 'user', 'message': '如果要研究非对称应变幅的低周疲劳，有哪些可以用于分析的模型？'}
=============================
[LOG]: 
{'timestamp': '2024-08-18T23:43:11.308110', 'role': 'assistant', 'message': '要研究非对称应变幅的低周疲劳，可以考虑以下几种分析模型：\n\n1. **多元线性回归模型**：用于理解和预测应变与疲劳寿命之间的关系。\n2. **Manson-Coffin公式**：常用于低周疲劳寿命预测，尤其适用于对称和非对称应变情况。\n3. **应变-寿命模型**：例如，基于应变的疲劳分析（S-N曲线）模型，可以用于评估在不同应变幅下的疲劳寿命。\n4. **循环塑性材料模型**：用于捕捉在非对称应变循环中材料的行为，包括滞后回线的塑性变形。\n5. **有限元分析（FEA）模型**：可以模拟复杂非对称应力条件下的疲劳寿命，广泛应用于各种工程材料和结构。\n\n选择具体模型时，需要考虑材料特性、应变幅情况以及已有的实验数据。'}
=============================
[LOG]: 
{'timestamp': '2024-08-18T23:45:05.338369', 'role': 'user', 'message': '帮我设计一份面试题库，候选人是中国985的学生'}
=============================
[LOG]: 
{'timestamp': '2024-08-18T23:45:14.022162', 'role': 'assistant', 'message': '好的，以下是一份专为中国985大学学生设计的面试题库，覆盖了技术能力、逻辑推理能力、以及沟通能力等方面：\n\n### 技术能力\n1. **编程与算法**\n   - 请用您熟悉的编程语言实现一个快速排序算法。\n   - 给定一个无序数组，找到第 k 大的元素。\n   - 请解释一下哈希表的原理，并写一个简单的哈希查找例子。\n   - 您在项目中遇到的最复杂的问题是什么，您是如何解决的？\n\n2. **数据结构**\n   - 请解释一下二叉搜索树，并实现基本的插入和查找操作。\n   - 什么是堆（Heap）？请讲解其应用场景并写一个简单的最大堆实现。\n   - 请设计一个栈（Stack）数据结构，并实现其基本操作（push、pop 等）。\n\n3. **数据库**\n   - 请您设计一个简单的学生管理系统数据库，包括表的设计和关系设置。\n   - 什么是索引？在什么情况下应该使用索引？\n   - 请写一个 SQL 查询，找出每个班级中成绩最高的学生。\n\n### 逻辑推理能力\n1. **数学题**\n   - 有一个楼有100层，高度分别是1米、2米、3米...100米，把一颗鸡蛋从某一层楼抛下去正好碎掉，问需要多少次数目抛下鸡蛋才能找到鸡蛋能承受的最高层。\n   \n2. **逻辑题**\n   - 你面前有三个箱子，一个装满苹果，一个装满橘子，还有一个装满两个水果的混合。如果所有的标签都贴错了，你只能打开一个箱子去看水果内容。你怎么确定每个箱子的正确标签？\n\n### 沟通能力\n1. **自我介绍**\n   - 请您简单介绍一下自己，包括学术背景和项目经验。\n   - 您认为自己最大的优势是什么？最大的挑战是什么？\n\n2. **案例分析**\n   - 请讲述一个您在团队合作中遇到的冲突，您是如何处理的？\n   - 描述您在某个项目中解决的一个主要问题，您是如何识别并处理这个问题的？\n\n3. **情景模拟**\n   - 假设您要向一个完全不懂技术的客户解释一个复杂的技术概念，您会如何去做？\n   - 如果您分配一个任务给团队成员，但他们完成的质量不符合您的预期，您会怎么处理？\n\n### 行业知识\n1. **行业认知**\n   - 您对当前行业的主要趋势有哪些了解？这些趋势对公司的业务有什么影响？\n   - 请谈谈您对未来五年该行业的发展前景的看法。\n\n希望这份面试题库能够帮助您筛选出合适的候选人。如果有任何特定领域的需求，欢迎进一步交流。'}
=============================
