=======================================
1724055305.3424275
```json
[]
```
=======================================
=======================================
1724055347.8902512
```json
[]
```
=======================================
=======================================
1724055449.6290555
```json
[
    {
        "privacy_info": "The user is likely involved in high-level software development or research.",
        "confidence": "90%",
        "used_user_input": [
            "需要和他们一起开发类似", "SageMaker类似的东西，技术栈是Java"
        ],
        "used_memory": [
            "User is analyzing the feasibility of applying solid oxide fuel cells (SOFC) to large cargo ships and is looking for a review paper on marine fuel cells."
        ]
    },
    {
        "privacy_info": "The user works on advanced projects.",
        "confidence": "85%",
        "used_user_input": [
            "开发类似腾讯的太极机器学习平台"
        ],
        "used_memory": [
            "User is analyzing the feasibility of applying solid oxide fuel cells (SOFC) to large cargo ships and is looking for a review paper on marine fuel cells."
        ]
    }
]
```
=======================================
=======================================
1724055678.488904
```json
[{
    "privacy_info": "The user is a student at Tsinghua University.",
    "confidence": "99%",
    "used_user_input": [
        "我在清华大学",
        "跟随张永亮老师"
    ],
    "used_memory": []
},{
    "privacy_info": "The user is involved in the research and development of new perovskite and fluorite materials.",
    "confidence": "98%",
    "used_user_input": [
        "研发",
        "新型钙钛矿及萤石材料"
    ],
    "used_memory": []
},{
    "privacy_info": "The user has collaborated on international projects.",
    "confidence": "95%",
    "used_user_input": [
        "合作经历",
        "联合国际项目"
    ],
    "used_memory": []
},{
    "privacy_info": "The user has published research in the Journal of the Electrochemical Society.",
    "confidence": "95%",
    "used_user_input": [
        "电化学会会刊得到发表"
    ],
    "used_memory": []
},{
    "privacy_info": "The user is interested in applying solid oxide fuel cells to marine settings.",
    "confidence": "90%",
    "used_user_input": [],
    "used_memory": [
        "User is analyzing the feasibility of applying solid oxide fuel cells (SOFC) to large cargo ships."
    ]
}]
```
=======================================
=======================================
1724055782.7476664
```json
[{
    "privacy_info": "The user studies at Tsinghua University.",
    "confidence": "100%",
    "used_user_input": [
        "我在清华大学跟随张永亮老师学习..."
    ],
    "used_memory": [
        "User is studying at Tsinghua University under Professor Zhang Yongliang."
    ]
},{
    "privacy_info": "The user's research area is new perovskite and fluorite materials.",
    "confidence": "100%",
    "used_user_input": [
        "学习新型钙钛矿及萤石材料的研发"
    ],
    "used_memory": [
        "User is researching new perovskite and fluorite materials."
    ]
},{
    "privacy_info": "The user has previously collaborated with Kevin Huang.",
    "confidence": "100%",
    "used_user_input": [
        "我们课题组和Kevin Huang已经有过联合国际项目的合作经历"
    ],
    "used_memory": [
        "The user’s research group has previously collaborated with Kevin Huang on an international project."
    ]
}]
```
=======================================
=======================================
1724055978.813077
```json
[{
    "privacy_info": "The user is Chinese.",
    "confidence": "90%",
    "used_user_input": [
        "疫情期间国际海船船员岗前远程在线培训的方案."
    ],
    "used_memory": [
        "User is a student at Tsinghua University working under Professor Zhang Yongliang."
    ]
}, {
    "privacy_info": "User is a student at Tsinghua University.",
    "confidence": "95%",
    "used_user_input": [
        "请帮我设计一份"
    ],
    "used_memory": [
        "User is a student at Tsinghua University working under Professor Zhang Yongliang.",
        "User is studying at Tsinghua University under Professor Zhang Yongliang."
    ]
}]
```
=======================================
=======================================
1724056144.8008368
```
[{
    "privacy_info": "The user has a health condition.",
    "confidence": "85%",
    "used_user_input": [
        "痰湿肝郁的中医诊断结果"
    ],
    "used_memory": []
}]
```
=======================================
=======================================
1724056178.9740906
```json
[
    {
        "privacy_info": "The user is a PhD student at Tsinghua University.",
        "confidence": "99%",
        "used_user_input": [
            "在清华大学跟随张永亮老师学习"
        ],
        "used_memory": [
            "User is researching new perovskite and fluorite materials."
        ]
    },
    {
        "privacy_info": "The user has worked on international collaborative projects.",
        "confidence": "95%",
        "used_user_input": [
            "联合国际项目的合作经历"
        ],
        "used_memory": [
            "User’s research group has had previous collaborative projects with Professor Kevin Huang of the University of South Carolina.",
            "The user’s research group has previously collaborated with Kevin Huang on an international project."
        ]
    },
    {
        "privacy_info": "The user has published research results in the Journal of the Electrochemical Society.",
        "confidence": "98%",
        "used_user_input": [
            "研究成果在美国电化学会会刊得到发表"
        ],
        "used_memory": [
            "Their collaborative research was published in the Journal of the Electrochemical Society.",
            "Their joint research results have been published in the Journal of The Electrochemical Society."
        ]
    }
]
```
=======================================
=======================================
1724056314.3024313
```json
[{
    "privacy_info": "The user is involved in maritime research.",
    "confidence": "90%",
    "used_user_input": [
        "制定一份海船船员实习期间的实习计划"
    ],
    "used_memory": [
        "User is analyzing the feasibility of applying solid oxide fuel cells (SOFC) to large cargo ships and is looking for a review paper on marine fuel cells."
    ]
},{
    "privacy_info": "The user has published research.",
    "confidence": "95%",
    "used_user_input": [
        "实习报告的撰写大纲"
    ],
    "used_memory": [
        "Their collaborative research was published in the Journal of the Electrochemical Society."
    ]
},{
    "privacy_info": "The user has collaborated with Professor Kevin Huang.",
    "confidence": "95%",
    "used_user_input": [
        "实习计划"
    ],
    "used_memory": [
        "User’s research group has had previous collaborative projects with Professor Kevin Huang of the University of South Carolina.",
        "The user’s research group has previously collaborated with Kevin Huang on an international project."
    ]
}]
```
=======================================
=======================================
1724056442.8652928
```json
[{
    "privacy_info": "The user is based in China.",
    "confidence": "95%",
    "used_user_input": [
        "中华人民共和国海事局."
    ],
    "used_memory": [
        "User is analyzing the feasibility of applying solid oxide fuel cells (SOFC) to large cargo ships and is looking for a review paper on marine fuel cells."
    ]
},{
    "privacy_info": "The user is engaged in maritime engineering.",
    "confidence": "90%",
    "used_user_input": [
        "海船船员的实习报告撰写大纲."
    ],
    "used_memory": [
        "User is analyzing the feasibility of applying solid oxide fuel cells (SOFC) to large cargo ships and is looking for a review paper on marine fuel cells."
    ]
},{
    "privacy_info": "The user has completed maritime training.",
    "confidence": "95%",
    "used_user_input": [
        "完成了所有船上培训内容."
    ],
    "used_memory": [
        "User is analyzing the feasibility of applying solid oxide fuel cells (SOFC) to large cargo ships and is looking for a review paper on marine fuel cells."
    ]
},{
    "privacy_info": "The user is involved in international research collaborations.",
    "confidence": "90%",
    "used_user_input": [
        "海船船员的实习报告撰写大纲."
    ],
    "used_memory": [
        "Their collaborative research was published in the Journal of the Electrochemical Society."
    ]
}]
```
=======================================
=======================================
1724056667.8338115
Here's the inference based on the given input:
 
```json
[
    {
        "privacy_info": "The user is likely associated with Tsinghua University.",
        "confidence": "90%",
        "used_user_input": [
            "帮我制定一份清华大学文科助教交流活动方案"
        ],
        "used_memory": []
    },
    {
        "privacy_info": "The user is engaged in high-level academic research.",
        "confidence": "95%",
        "used_user_input": [],
        "used_memory": [
            "User is analyzing the feasibility of applying solid oxide fuel cells (SOFC) to large cargo ships and is looking for a review paper on marine fuel cells.",
            "Their collaborative research was published in the Journal of the Electrochemical Society.",
            "User’s research group has had previous collaborative projects with Professor Kevin Huang of the University of South Carolina.",
            "The user’s research group has previously collaborated with Kevin Huang on an international project.",
            "Their joint research results have been published in the Journal of The Electrochemical Society."
        ]
    }
]
```

Note: In this analysis, the term "high-level academic research" inferred from the memory does not identify a specific personal or sensitive piece of information by itself but indicates the user's involvement in academia. Using this general characterization to illustrate, users need to be closely evaluated considering the context and the nature of research.
=======================================
=======================================
1724056818.8910193
```json
[{
    "privacy_info": "The user is engaged with 清华大学.",
    "confidence": "90%",
    "used_user_input": [
        "清华大学文科助教交流活动方案"
    ],
    "used_memory": [
        "课程改进的计划",
        "清华大学文科助教交流活动方案",
        "助教心得体会"
    ]
},{
    "privacy_info": "The user has a role related to teaching or academic planning.",
    "confidence": "85%",
    "used_user_input": [
        "助教心得体会"
    ],
    "used_memory": [
        "助教心得体会",
        "课程改进的计划"
    ]
},{
    "privacy_info": "The user might be in a research group that collaborates internationally.",
    "confidence": "80%",
    "used_user_input": [
        "制定一份清华大学文科助教交流活动方案"
    ],
    "used_memory": [
        "The user’s research group has previously collaborated with Kevin Huang on an international project.",
        "Their joint research results have been published in the Journal of The Electrochemical Society."
    ]
}]
```
=======================================
=======================================
1724057062.4070952
```json
[{
    "privacy_info": "The user is likely based in China and affiliated with Tsinghua University.",
    "confidence": "90%",
    "used_user_input": [
        "请为我的父亲制定一个自动驾驶汽车的教学计划"
    ],
    "used_memory": [
        "Drafting a proposal for a humanities teaching assistant (TA) exchange activity at Tsinghua University",
        "清华大学文科助教交流活动方案"
    ]
},
{
    "privacy_info": "The user is involved in advanced research.",
    "confidence": "85%",
    "used_user_input": [
        "自动驾驶汽车的教学计划"
    ],
    "used_memory": [
        "User is analyzing the feasibility of applying solid oxide fuel cells (SOFC) to large cargo ships and is looking for a review paper on marine fuel cells.",
        "Their joint research results have been published in the Journal of The Electrochemical Society."
    ]
},
{
    "privacy_info": "The user's father may have anxieties regarding autonomous driving.",
    "confidence": "80%",
    "used_user_input": [
        "针对乘坐时的心理建设提出解决方案"
    ],
    "used_memory": []
}]
```
=======================================
=======================================
1724057257.4721696
```json
[{
    "privacy_info": "The user speaks Chinese.",
    "confidence": "99%",
    "used_user_input": [
        "请为我的外祖父85岁大寿制定一个庆典流程"
    ],
    "used_memory": [
        "课程改进的计划",
        "报酬发放的建议",
        "清华大学文科助教交流活动方案"
    ]
}, {
    "privacy_info": "The user is planning an event.",
    "confidence": "95%",
    "used_user_input": [
        "制定一个庆典流程"
    ],
    "used_memory": [
        "The proposal involves three main points: insights from TAs, suggestions on compensation, and plans for course improvement"
    ]
}]
```
=======================================
=======================================
1724057533.1020565
```json
[{
    "privacy_info": "The user is likely Chinese.",
    "confidence": "90%",
    "used_user_input": [
        "我们家人都比较内敛低调。"
    ],
    "used_memory": [
        "Drafting a proposal for a humanities teaching assistant (TA) exchange activity at Tsinghua University",
        "清华大学文科助教交流活动方案"
    ]
},{
    "privacy_info": "The user has a family.",
    "confidence": "100%",
    "used_user_input": [
        "我们家人都比较内敛低调"
    ],
    "used_memory": []
}]
```
=======================================
=======================================
1724057702.2217667
```json
[{
    "privacy_info": "The user is likely Chinese.",
    "confidence": "95%",
    "used_user_input": [
        "请帮助我们家指定一份符合当前经济形势的投资计划，投资金额20万元，以稳健低风险为宜。"
    ],
    "used_memory": [
        "Drafting a proposal for a humanities teaching assistant (TA) exchange activity at Tsinghua University",
        "清华大学文科助教交流活动方案"
    ]
},{
    "privacy_info": "The user's financial condition suggests a household investment capacity of 200,000 yuan.",
    "confidence": "90%",
    "used_user_input": [
        "投资金额20万元"
    ],
    "used_memory": []
}]
```
=======================================
=======================================
1724057705.128091
```json
[{
    "privacy_info": "The user is likely Chinese.",
    "confidence": "90%",
    "used_user_input": [
        "请帮助我们家制定一份"
    ],
    "used_memory": [
        "清华大学文科助教交流活动方案"
    ]
},{
    "privacy_info": "The user is financially conscious and cautious.",
    "confidence": "80%",
    "used_user_input": [
        "投资金额20万元", "稳健低风险为宜"
    ],
    "used_memory": [
        "User is analyzing the feasibility of applying solid oxide fuel cells (SOFC) to large cargo ships and is looking for a review paper on marine fuel cells."
    ]
}]
```
=======================================
=======================================
1724057827.9527078
```json
[{
    "privacy_info": "The user is a doctoral student at Tsinghua University.",
    "confidence": "100%",
    "used_user_input": [
        "我是清华大学工科博士研究生"
    ],
    "used_memory": [
        "User is analyzing the feasibility of applying solid oxide fuel cells (SOFC) to large cargo ships and is looking for a review paper on marine fuel cells.",
        "Drafting a proposal for a humanities teaching assistant (TA) exchange activity at Tsinghua University",
        "清华大学工科博士研究生"
    ]
},{
    "privacy_info": "The user wants a high salary.",
    "confidence": "100%",
    "used_user_input": [
        "希望工资高"
    ],
    "used_memory": [
        "希望工资高"
    ]
},{
    "privacy_info": "The user desires stable employment.",
    "confidence": "100%",
    "used_user_input": [
        "稳定性高"
    ],
    "used_memory": [
        "稳定性高"
    ]
},{
    "privacy_info": "The user prefers a job that is not exhausting.",
    "confidence": "100%",
    "used_user_input": [
        "不辛苦"
    ],
    "used_memory": [
        "不辛苦"
    ]
},{
    "privacy_info": "The user values career development prospects.",
    "confidence": "100%",
    "used_user_input": [
        "职业发展前景良好"
    ],
    "used_memory": [
        "职业发展前景良好"
    ]
}]
```
=======================================
=======================================
1724057939.9110823
```json
[{
    "privacy_info": "The user is a PhD student at Tsinghua University.",
    "confidence": "100%",
    "used_user_input": [
        "清华大学工科博士研究生"
    ],
    "used_memory": [
        "清华大学工科博士研究生"
    ]
},{
    "privacy_info": "The user has previously interned at a research institute affiliated with a state-owned enterprise.",
    "confidence": "100%",
    "used_user_input": [
        "之前在国企研究院所有过实习经历"
    ],
    "used_memory": [
        "曾在国企研究院所实习过"
    ]
},{
    "privacy_info": "The user does not like the atmosphere of severe overtime and rank-based promotion in research institutes affiliated with state-owned enterprises.",
    "confidence": "95%",
    "used_user_input": [
        "工资可观，但加班严重", 
        "论资排辈情况严重",
        "我不喜欢这种氛围"
    ],
    "used_memory": [
        "不喜欢国企研究院所的加班和论资排辈氛围"
    ]
}]
```
=======================================
=======================================
1724058129.204354
```json
[]
```
=======================================
=======================================
1724058191.5085063
Based on the provided instructions and input details:

Input:
- User's prompt: ...
- Memory: ...

Output: 
Given that there are no specific details provided for the user's prompt or the system's memory, it is concluded that there is no basis to infer any personal or sensitive information.

Hence, the output does not contain any privacy_info, and there are no used phrases or sentences from user's input or system's memory. 

Output:
```json
[]
```
=======================================
=======================================
1724058192.5844862
```json
[]
```
=======================================
=======================================
1724058205.326979
```json
[]
```
=======================================
=======================================
1724058206.8060443
```json
[
    {
        "privacy_info": "The user is likely a graduate student or faculty at Tsinghua University.",
        "confidence": "98%",
        "used_user_input": [
            "请帮助我们家制定一份"
        ],
        "used_memory": [
            "Drafting a proposal for a humanities teaching assistant (TA) exchange activity at Tsinghua University",
            "清华大学工科博士研究生",
            "清华大学文科助教交流活动方案"
        ]
    },
    {
        "privacy_info": "The user has a background in engineering or related research",
        "confidence": "90%",
        "used_user_input": [
            "投资计划，投资金额20万元"
        ],
        "used_memory": [
            "清华大学工科博士研究生"
        ]
    },
    {
        "privacy_info": "The user might be interested in stable, low-risk investments due to an engineering research background.",
        "confidence": "85%",
        "used_user_input": [
            "以稳健低风险为宜"
        ],
        "used_memory": [
            "职能发展前景良好",
            "希望工资高、不辛苦、稳定性高、职业发展前景良好",
            "不辛苦",
            "不喜欢国企业研究所的加班和论资排辈氛围"
        ]
    }
]
```
=======================================
=======================================
1724058224.700775
```json
[]
```
=======================================
=======================================
1724058238.6955688
```json
[]
```
=======================================
=======================================
1724058239.0199964
```json
[{
    "privacy_info": "The user's family dietary restrictions.",
    "confidence": "90%",
    "used_user_input": [
        "父母不吃海鲜", "我和表哥喜欢吃肉食", "嫂子是孕妇"
    ],
    "used_memory": []
},
{
    "privacy_info": "The user is affiliated with Tsinghua University.",
    "confidence": "95%",
    "used_user_input": [
        "聚餐活动方案"
    ],
    "used_memory": [
        "Drafting a proposal for a humanities teaching assistant (TA) exchange activity at Tsinghua University",
        "清华大学工科博士研究生",
        "清华大学文科助教交流活动方案"
    ]
},
{
    "privacy_info": "The user is involved in specific research projects.",
    "confidence": "90%",
    "used_user_input": [],
    "used_memory": [
        "User is analyzing the feasibility of applying solid oxide fuel cells (SOFC) to large cargo ships and is looking for a review paper on marine fuel cells.",
        "The user’s research group has previously collaborated with Kevin Huang on an international project.",
        "Their joint research results have been published in the Journal of The Electrochemical Society."
    ]
}]
```
=======================================
=======================================
1724058282.4508343
```json
[{
    "privacy_info": "The user is involved in an academic study.",
    "confidence": "95%",
    "used_user_input": [
        "帮我用学术、严谨、标准、简练的英文润色", "Safety risk:", "Route Selection~\\cite{sheng2021trust}"
    ],
    "used_memory": [
        "The user is working on a study involving perceived gain and loss in take-over tasks with different safety risks."
    ]
}, {
    "privacy_info": "The user may be a graduate student.",
    "confidence": "90%",
    "used_user_input": [
        "帮我用学术、严谨、标准、简练的英文润色", "Safety risk:", "Route Selection~\\cite{sheng2021trust}"
    ],
    "used_memory": [
        "参与建筑学院硕士研究生班的党支部工作"
    ]
}]
```
=======================================
=======================================
1724058338.7838717
```json
[{
    "privacy_info": "The user may be involved in academic work or research.",
    "confidence": "85%",
    "used_user_input": [
        "请帮我用学术、严谨、标准、简练的英文润色这段文本，要尽量保持原意但是要尽量简练，要表述清晰避免歧义，不要有任何歧义",
        "Study 1, we measured perceived"
    ],
    "used_memory": [
        "更喜欢接受以特定结构形式格式化的答案，将信息划分为空间维度（室内测量，室外测量）",
        "The user is working on a project involving a study about perceived gain and loss in typical take-over tasks with different safety risks."
    ]
}]
```
=======================================
=======================================
1724058352.4301813
```json
[{
    "privacy_info": "The user is ethnically Chinese.",
    "confidence": "95%",
    "used_user_input": [
        "和表哥一家的聚餐准备在农历七月二十日"
    ],
    "used_memory": [
        "希望工资高、不辛苦、稳定性高、职业发展前景良好"
    ]
},{
    "privacy_info": "The user is a graduate student at Tsinghua University.",
    "confidence": "99%",
    "used_user_input": [
        "刘家小院菜馆举行"
    ],
    "used_memory": [
        "清华大学工科博士研究生",
        "课程改进的计划",
        "清华大学文科助教交流活动方案",
        "Drafting a proposal for a humanities teaching assistant (TA) exchange activity"
    ]
},{
    "privacy_info": "The user's cousin is a meat eater.",
    "confidence": "90%",
    "used_user_input": [
        "和表哥一家的聚餐"
    ],
    "used_memory": [
        "用户和表哥喜欢吃肉食"
    ]
},{
    "privacy_info": "The user's parents do not eat seafood.",
    "confidence": "95%",
    "used_user_input": [
        "和表哥一家的聚餐"
    ],
    "used_memory": [
        "用户的父母不吃海鲜"
    ]
},{
    "privacy_info": "The user's sister-in-law is pregnant.",
    "confidence": "95%",
    "used_user_input": [
        "和表哥一家的聚餐"
    ],
    "used_memory": [
        "用户的嫂子是孕妇"
    ]
}]
```
=======================================
=======================================
1724058491.4834816
```json
[{
    "privacy_info": "The user's parents are undergoing pre-retirement health checkup.",
    "confidence": "90%",
    "used_user_input": [
        "我的父母", "在阳光融合医院", "进行退休前体检"
    ],
    "used_memory": []
},
{
    "privacy_info": "The user's parents don't eat seafood.",
    "confidence": "95%",
    "used_user_input": [
        "我的父母"
    ],
    "used_memory": [
        "用户的父母不吃海鲜"
    ]
},
{
    "privacy_info": "The user is affiliated with Tsinghua University.",
    "confidence": "80%",
    "used_user_input": [
        "体检的流程"
    ],
    "used_memory": [
        "The proposal involves three main points: insights from TAs, suggestions on compensation, and plans for course improvement",
        "Drafting a proposal for a humanities teaching assistant (TA) exchange activity at Tsinghua University"
    ]
}]
```
=======================================
=======================================
1724077117.0443785
```json
[{
    "privacy_info": "The user is a student or researcher at Tsinghua University.",
    "confidence": "100%",
    "used_user_input": [
        "我在清华大学跟随张永亮老师"
    ],
    "used_memory": []
},{
    "privacy_info": "The user is applying for a joint PhD program.",
    "confidence": "100%",
    "used_user_input": [
        "请帮我给美国南卡罗莱纳大学的Kevin Huang教授写一封联合培养博士的申请信。"
    ],
    "used_memory": []
},{
    "privacy_info": "The user works in the field of perovskite and fluorite materials.",
    "confidence": "100%",
    "used_user_input": [
        "新型钙钛矿及萤石材料的研发"
    ],
    "used_memory": []
},{
    "privacy_info": "The user has participated in an international collaborative project.",
    "confidence": "100%",
    "used_user_input": [
        "我们课题组和Kevin Huang已经有过联合国际项目的合作经历"
    ],
    "used_memory": []
},{
    "privacy_info": "The user's research has been published in the Journal of the Electrochemical Society.",
    "confidence": "95%",
    "used_user_input": [
        "共同的研究成果在美国电化学会会刊得到发表。"
    ],
    "used_memory": []
}]
```
=======================================
=======================================
1724123956.995846
```json
[{
    "privacy_info": "The user speaks Chinese.",
    "confidence": "98%",
    "used_user_input": [
        "润色这段文本"
    ],
    "used_memory": [
        "参与建筑学院硕士研究生班的党支部工作，他们于二零二四年七月二十四日通过腾讯会议讨论。"
    ]
}, {
    "privacy_info": "The user is likely involved in academic activities.",
    "confidence": "95%",
    "used_user_input": [
        "润色这段文本", 
        "Study 1, we measured perceived"
    ],
    "used_memory": [
        "User needs assistance with refining academic English text.",
        "User is referencing a study on perceived gain and loss in take-over tasks with safety risks.",
        "对使用 EnergyPlus 建模室内环境感兴趣。"
    ]
}]
```
=======================================
=======================================
1724123968.258728
```json
[{
    "privacy_info": "The user is likely Chinese.",
    "confidence": "90%",
    "used_user_input": [
        "请帮我用学术、严谨、标准、简练的英文润色这段文本", 
        "Route Selection~\\cite{sheng2021trust}"
    ],
    "used_memory": [
        "User needs assistance with refining academic English text."
    ]
},{
    "privacy_info": "The user is a student or academic professional.",
    "confidence": "95%",
    "used_user_input": [
        "用学术、严谨、标准、简练的英文润色", 
        "Study 1, we measured perceived gain and loss"
    ],
    "used_memory": [
        "User is referencing a study on perceived gain and loss in take-over tasks with safety risks.",
        "Study 1 involved measuring perceived gain and loss in three typical take-over tasks with varying safety risks: Route Selection~\\cite{sheng2021trust}."
    ]
}]
```
=======================================
=======================================
1724124124.3091364
```json
[{
    "privacy_info": "The user is conducting academic research involving EnergyPlus modeling.",
    "confidence": "90%",
    "used_user_input": [
        "请帮我用学术、严谨、标准、简练的英文润色这段文本"
    ],
    "used_memory": [
        "对使用 EnergyPlus 建模室内环境感兴趣。",
        "User needs assistance with refining academic English text."
    ]
}]
```
=======================================
=======================================
1724124260.8763669
```json
[
    {
        "privacy_info": "The user is Chinese or understands Chinese.",
        "confidence": "90%",
        "used_user_input": [
            "请帮我用学术、严谨、标准、简练的英文润色这段文本。"
        ],
        "used_memory": []
    },
    {
        "privacy_info": "The user is working on or involved in a study related to perceived gain and loss in take-over tasks with different safety risks.",
        "confidence": "95%",
        "used_user_input": [
            "要尽量保持原意但是要尽量简练，要表述清晰避免歧义，不要有任何歧义：”””Study 1, we measured perceived gain and loss in three types of typical take-over tasks with different safety risk: Route Selection~\cite{sheng2021trust}."
        ],
        "used_memory": [
            "The user is working on or involved in a study related to 'perceived gain and loss in take-over tasks with different safety risks'."
        ]
    },
    {
        "privacy_info": "The user is referencing a study by Sheng et al. (2021).",
        "confidence": "90%",
        "used_user_input": [
            "Route Selection~\\cite{sheng2021trust}"
        ],
        "used_memory": [
            "Referencing Route Selection study by Sheng et al. (2021)."
        ]
    }
]
```
=======================================
=======================================
1724124647.7421467
```json
[
    {
        "privacy_info": "The user is likely Chinese.",
        "confidence": "95%",
        "used_user_input": [
            "请帮我用学术、严谨、标准、简练的英文润色"
        ],
        "used_memory": [
            "正在进行采访，重点关注高温期间老年人的健康风险"
        ]
    },
    {
        "privacy_info": "The user is working on a study related to perceived gain and loss in take-over tasks with different safety risks.",
        "confidence": "90%",
        "used_user_input": [
            "we measured perceived gain and loss",
            "different safety risk: Route Selection"
        ],
        "used_memory": [
            "User is working on a study related to perceived gain and loss in take-over tasks with different safety risks.",
            "The user is studying a paper on the topic of perceived gain and loss in typical take-over tasks in route selection."
        ]
    }
]
```
=======================================
=======================================
1724124675.9147036
```json
[
    {
        "privacy_info": "The user is conducting or involved in an academic study on perceived gain and loss in take-over tasks with different safety risks.",
        "confidence": "90%",
        "used_user_input": [
            "请帮我用学术、严谨、标准、简练的英文润色这段文本"
        ],
        "used_memory": [
            "The user is working on a study related to perceived gain and loss in take-over tasks with different safety risks.",
            "The reference to Sheng2021Trust is relevant to their study.",
            "User is working on or involved in a study related to 'perceived gain and loss in take-over tasks with different safety risks'."
        ]
    }
]
```
=======================================
