[LOG]: 
{'timestamp': '2024-08-11T12:32:12.361830', 'role': 'user', 'message': '这是什么'}
=============================
[LOG]: 
{'timestamp': '2024-08-11T12:32:13.811720', 'role': 'assistant', 'message': '你好！你问的“这是什么”具体指什么呢？我能帮你回答很多问题，比如某个概念、某个物品或者某种现象等。你可以提供更多详细信息吗？这样我可以更好地帮助你。'}
=============================
[LOG]: 
{'timestamp': '2024-08-11T12:32:21.128017', 'role': 'user', 'message': '这也能添加到对话里面吗'}
=============================
[LOG]: 
{'timestamp': '2024-08-11T12:32:22.288560', 'role': 'assistant', 'message': '是的，您可以在对话中添加更多内容。请告诉我您希望讨论或有什么问题，我会尽力帮助您。'}
=============================
[LOG]: 
{'timestamp': '2024-08-11T12:36:42.634538', 'role': 'user', 'message': '这还能说新的东西吗'}
=============================
[LOG]: 
{'timestamp': '2024-08-11T12:36:44.145569', 'role': 'assistant', 'message': '当然可以。每一天世界都在变化，有许多新的事件、发现和想法可以探讨。不知道你具体是指哪个领域或话题，但如果你告诉我一些背景或你感兴趣的方面，我可以尝试为你提供一些新的视角或最新的信息。你有什么具体的兴趣或问题吗？'}
=============================
[LOG]: 
{'timestamp': '2024-08-11T12:40:09.462936', 'role': 'user', 'message': '这是选择了什么啊'}
=============================
[LOG]: 
{'timestamp': '2024-08-11T12:40:10.806085', 'role': 'assistant', 'message': '你好！看起来你是在问某个选择相关的问题，但你的描述不完全。如果你能提供更多的上下文或者具体的细节，我会更好地理解并提供帮助。你是在选择某样东西吗？还是需要帮助做某个决定？请告诉我更多信息。'}
=============================
