[LOG]: 
{'timestamp': '2024-08-14T15:11:01.821797', 'role': 'user', 'message': '帮我设计一份面试题库，候选人是中国985的学生'}
=============================
[LOG]: 
{'timestamp': '2024-08-14T15:11:16.356285', 'role': 'assistant', 'message': '好的，为中国985高校毕业生设计的面试题库可以涉及多方面，包括基础知识、专业技能、实战经验和发展潜力等。以下是一个综合性的面试题库，覆盖计算机科学、算法和数据结构、系统设计和行为面试等方面：\n\n### 一、基础知识\n\n1. **计算机科学**\n   - 解释一下操作系统的基本功能和组件。\n   - 讲解TCP/IP协议栈及其工作原理。\n   - 什么是数据库的事务，它的四个特性是什么（ACID）？\n   - 请详细描述一下HTTP和HTTPS的区别。\n\n2. **数据结构与算法**\n   - 请写出快速排序和归并排序的代码，并分析它们的时间复杂度。\n   - 什么是二叉搜索树？请描述其基本操作（插入、删除、查找）的实现原理。\n   - 解释哈希表的基本原理，以及如何解决冲突。\n   - 给定一个链表，如何检测其中是否有环？\n\n### 二、专业技能\n\n1. **编程能力**\n   - 编写一个函数，求给定字符串中的最长回文子串。\n   - 给一个数组，找到数组中元素之和最大的连续子数组，并返回其和。（要求时间复杂度为O(n)）\n   - 编写代码实现一个多线程程序，打印1到100，但是两个线程分别只打印奇数和偶数。\n\n2. **系统设计**\n   - 如何设计一个高并发的秒杀系统？\n   - 设计一个消息队列系统，说明其架构和关键设计点。\n   - 描述一个分布式缓存系统应该如何设计，以保证高可用和数据一致性。\n   - 如何设计一个数据读写性能高的日记系统？\n\n### 三、实战经验\n\n1. **项目经验**\n   - 请介绍一个你参与过的项目，说说你在其中的角色以及你所完成的工作。\n   - 遇到过哪些技术难题，你是如何解决的？\n   - 如果在项目中遇到团队冲突，你会怎么处理？\n\n2. **问题解决**\n   - 如果你负责的系统在高负载下性能急剧下降，你会如何排查问题？\n   - 在机器学习项目中，你是如何处理数据清洗和特征工程的？\n\n### 四、行为面试\n\n1. **职业发展**\n   - 你未来五年的职业规划是怎样的？\n   - 你为什么选择这个领域，而不是其他领域？\n   - 你如何保持技术上的竞争力？\n\n2. **团队合作**\n   - 你如何看待团队合作和个人能力？\n   - 请描述一次你在团队中遇到的挑战，以及你是如何应对的。\n   - 你曾经有过失败的经历吗？你是如何从中学习和成长的？\n\n### 五、附加问题\n\n1. **创新思维**\n   - 如果给你无限的资源和时间，你最想解决的一个技术难题是什么？为什么？\n   - 如何在一个已经成熟的领域中寻找创新的机会？\n\n通过这些问题，你可以全面评估候选人的基础知识、专业技能、实战经验和团队协作能力。希望这份题库能帮你选出最合适的候选人。'}
=============================
[LOG]: 
{'timestamp': '2024-08-14T15:12:00.781477', 'role': 'user', 'message': '帮我设计一份面试题库，候选人是中国985的学生'}
=============================
[LOG]: 
{'timestamp': '2024-08-14T15:12:10.634462', 'role': 'assistant', 'message': '设计一份适用于中国985高校学生的面试题库需要结合学生的专业背景和应聘岗位的具体要求。下面是一个通用的题库范例，涵盖技术、行为和综合素质等多个方面。您可以根据实际情况进行调整和补充。\n\n### 基础信息与简历相关问题\n1. 请简单介绍一下你自己和你的教育背景。\n2. 你为什么选择这个专业？在学习过程中，你有哪些收获和感悟？\n3. 请分享一个你在大学期间完成的最自豪的项目或研究。\n\n### 技术问题（根据岗位调整）\n#### 计算机科学与技术方向：\n1. 请讲解一下你对数据结构和算法的理解，并举一个你在项目中使用它们的实例。\n2. 解释一下面向对象编程的基本概念，并举例说明多态和继承的应用场景。\n3. 介绍一下你熟悉的编程语言，并用其中一种语言写一个简单的排序算法。\n4. 你对某种数据库系统有了解吗？请详细描述其架构和操作。\n5. 谈谈你在某个项目中遇到的一个技术难题及其解决方法。\n\n#### 工程与自然科学方向：\n1. 请解释一下你在某项实验中的研究方法和结论。\n2. 介绍一项你在实验室或工程实践中使用过的关键技术或设备。\n3. 描述一个你曾参与的工程项目及其成果。\n4. 你对当前这个行业有哪些前沿技术和发展趋势的了解？\n\n### 行为问题\n1. 你是怎样管理时间和任务的，特别是在面对多个项目和紧迫截止日期的情况下？\n2. 你曾经在团队中遇到过的最大挑战是什么？你是如何解决的？\n3. 讲述一次你失败的经历，以及从中学到了什么。\n4. 你在过去的项目中是如何收集反馈并进行改进的？\n\n### 综合素质问题\n1. 你如何看待团队合作与个人贡献之间的平衡？\n2. 你在本科期间参与过哪些社团或课外活动？这些经历对你有何帮助？\n3. 你认为在这个岗位上最重要的素质是什么，为什么？\n4. 展望未来，你的职业目标是什么？你打算怎样实现它们？\n\n### 创新与解决问题能力\n1. 描述一个你曾经解决过的复杂问题，它需要跨学科的知识和协作。\n2. 你有没有设想过某种新技术或方法来优化当前行业中的某一问题？请详细描述。\n3. 在项目中，你是如何进行创新思考的？\n\n### 专业英语能力（如果需要）\n1. 你能否用英语介绍一次你主持或参加的研究项目？\n2. 请翻译一下以下专业文献的一个段落，并解释其中的概念。\n3. 描述一下你读过的最近的专业期刊或文章，其中有哪些关键技术或发现？\n\n这些问题旨在全面评估候选人的技术能力、行为素质和综合背景，以确保他们能够胜任应聘的岗位。如果有具体的岗位需求或其他要求，可以进一步细化问题。'}
=============================
[LOG]: 
{'timestamp': '2024-08-17T21:18:03.790936', 'role': 'user', 'message': '帮我设计一份面试题库，候选人是中国985的学生'}
=============================
[LOG]: 
{'timestamp': '2024-08-17T21:18:10.932718', 'role': 'assistant', 'message': '当然可以。以下是面向中国985高校学生的面试题库，涵盖技术能力、逻辑思维、解决问题能力以及交流能力等方面的问题。\n\n### 技术能力\n1. **编程语言和数据结构**\n   - 你熟悉哪些编程语言？请分别描述它们的优缺点。\n   - 请实现一个二叉树的前序、中序和后序遍历。\n   - 设计一个支持插入、删除、查找和随机取元素的队列。\n\n2. **算法**\n   - 解释一下快速排序的原理，并写出其实现代码。\n   - 给定一个无序数组，请找出其中第 k 大的元素。\n   - 请设计一个算法判断一个字符串是否是回文字符串。\n\n3. **系统设计**\n   - 如何设计一个高效的缓存系统？请描述其架构和主要组件。\n   - 谈谈你对微服务架构的理解，并举一个具体的应用案例。\n   - 描述一次你参与的大型系统架构设计经历，有哪些挑战，如何解决的？\n\n### 逻辑思维\n1. 在一个4升和一个9升的水壶中，如何准确量出6升水？\n2. 如果你有无尽的两条绳子和一个打火机，可以用这两条绳子测量30分钟时间并解释这个过程。\n3. 一个村庄里有100对夫妇，每对夫妇都会有一个孩子，当一个孩子长大后会离开村庄，解释这个村庄的人数为何始终保持不变。\n\n### 解决问题能力\n1. 描述一次你在团队项目中遇到的重大技术难题，以及你是如何解决的。\n2. 谈谈你在过去的项目中，遇到的最大挑战是什么？你采取了哪些措施来克服它？\n3. 请讲述一次你不得不临时参与并解决一个紧急问题的经验。\n\n### 交流能力\n1. 请介绍一下你自己，以及你为什么对我们公司的岗位感兴趣？\n2. 你是如何说服别人接受你的观点的？请举个例子。\n3. 当你与同事产生分歧时，你是如何处理的？\n\n### 专业背景（可根据具体专业自定义）\n#### 计算机专业\n1. 谈谈你对物联网技术的理解，并举例说明它在实际生活中的应用。\n2. 你对当前人工智能发展有什么看法？未来的发展趋势会是怎样？\n3. 描述你最引以为傲的一个编程项目，以及你在项目中担任的角色。\n\n希望这些问题能够帮助你筛选出优秀的985高校学生。祝面试顺利！'}
=============================
[LOG]: 
{'timestamp': '2024-08-17T21:18:22.526347', 'role': 'user', 'message': '帮我设计一份面试题库，候选人是中国985的学生'}
=============================
[LOG]: 
{'timestamp': '2024-08-17T21:18:29.880062', 'role': 'assistant', 'message': '当然可以，以下是针对中国985高校学生的面试题库，涵盖技术能力、逻辑思维、沟通能力和团队合作等多个方面：\n\n### 技术能力\n1. **编程与算法**\n   - 请编写一个算法来解决某特定问题，例如：快速排序、Dijkstra算法。\n   - 你对时间复杂度和空间复杂度的理解是什么？请举例说明。\n   - 给出一段代码，找出其中的错误并修复它。\n\n2. **数据结构**\n   - 请解释各种常用的数据结构（如数组、链表、栈、队列、树、图）及其应用场景。\n   - 如何在数据结构中实现一个特定功能，如查找、插入和删除操作？\n\n3. **系统设计**\n   - 请设计一个高并发、高可用性的系统架构，比如一个简单的社交媒体平台。\n   - 如何划分系统的微服务模块？应该如何分布部署以实现负载均衡？\n\n4. **数据库管理**\n   - 请说明关系型数据库和非关系型数据库的区别和应用场景。\n   - 请设计一个数据库模型来管理公司内部的员工信息和项目分配。\n\n### 逻辑思维与问题解决\n1. **逻辑推理**\n   - 给你一组复杂的数据，如何找出其中的规律并进行预测？\n   - 请解答一道经典的逻辑题，例如：五个人分别住在五间不同颜色的房子里，抽不同品牌的烟，喝不同的饮料，并养不同的宠物，谁养鱼？\n\n2. **问题解决**\n   - 遇到一个尚未解决的行业问题，你会如何自学相关知识并寻找解决方案？\n   - 请描述你曾经遇到的最具挑战性的问题以及你是如何解决的。\n\n### 沟通能力\n1. **表达能力**\n   - 请你用简单的语言向一个不懂技术的人解释一个复杂的概念，例如区块链或人工智能。\n   - 当遇到意见不统一的团队成员时，你会如何说服对方？\n\n2. **面试情景模拟**\n   - 请分享你最近一次领导或参与的项目，你在其中扮演了什么角色？如何与团队成员合作实现目标？\n\n### 团队合作\n1. **团队协作**\n   - 请讲述一次你在团队中贡献的具体案例，并说明你的贡献是如何帮助团队达成目标的。\n   - 请描述团队中发生冲突时，你如何处理和解决这种冲突的经历。\n\n2. **领导能力**\n   - 面对团队成员的不同意见，你如何有效地进行调解和决策？\n   - 如何激励团队成员，提高他们的工作效率和团队凝聚力？\n\n### 综合素质\n1. **职业规划**\n   - 你希望在未来五年内达到什么样的职业目标？如何计划实现？\n   - 请讲述你选择当前专业的原因以及未来的职业发展方向。\n\n2. **学习能力**\n   - 面对快速变化的技术环境，你是如何保持学习和提高的？\n   - 请分享你最近一次主动学习的经历以及收获。\n\n希望这些问题能帮助你在面试中全面评估候选人的综合素质。祝面试顺利！'}
=============================
[LOG]: 
{'timestamp': '2024-08-17T21:21:51.672303', 'role': 'user', 'message': '帮我设计一份面试题库，候选人通常是中国985高校的CS方向的在读学生或者应届毕业生，我需要和他们一起开发类似腾讯的太极机器学习平台，Idex平台，US平台，以及亚马逊的SageMaker类似的东西，技术栈是Java，需要用到的Framework是SpringBoot，用到的ORM是 JPA'}
=============================
[LOG]: 
{'timestamp': '2024-08-17T21:21:59.878055', 'role': 'assistant', 'message': '为了设计一份适用于面试中国985高校计算机科学方向在读学生或应届毕业生的题库，尤其是涉及到开发类似腾讯太极机器学习平台、Idex平台、US平台以及亚马逊SageMaker的项目，并且技术栈以Java为主、使用SpringBoot框架及JPA ORM，您可以参考以下问题来设计面试题库：\n\n### 基础知识\n1. **Java 基础**\n   - 说说Java的基本语法和面向对象的特性。\n   - 解释Java中常见的数据结构（例如ArrayList, HashMap）。\n   - 介绍一下Java中的并发机制（例如Thread, ExecutorService）。\n\n2. **面向对象编程**\n   - 什么是多态？如何在Java中实现多态？\n   - 解释一下继承和接口在Java中的区别。\n\n3. **Java内存管理**\n   - 介绍一下Java的垃圾回收机制。\n   - 如何识别内存泄漏？你会使用哪些工具来检测内存问题？\n\n### SpringBoot\n1. **框架基础**\n   - Spring Boot的核心功能和特点是什么？\n   - 解释一下Spring Boot的自动配置机制（Auto Configuration）。\n\n2. **依赖注入**\n   - 什么是DI（Dependency Injection）？\n   - 你如何在Spring中使用@Autowire注解进行依赖注入？\n\n3. **项目配置**\n   - 如何在Spring Boot项目中管理配置文件？\n   - 解释一下Spring Boot的Profile功能。\n\n### JPA\n1. **基本概念**\n   - 什么是JPA？它和Hibernate之间的关系是什么？\n   - 解释一下JPA中的@Entity, @Table, @Id, @GeneratedValue注解。\n\n2. **数据操作**\n   - 你如何在JPA中进行CRUD操作？\n   - 解释一下JPA中的查询方法（例如JPQL）。\n\n3. **关系映射**\n   - 解释一下JPA中的一对多、多对一、多对多的映射关系是如何实现的？\n   - 举例说明如何配置JPA中的@JoinColumn和@JoinTable注解。\n\n### 项目管理与实战\n1. **项目开发流程**\n   - 如果你需要从零开始开发一个类似于腾讯太极机器学习平台的项目，你的开发流程会是怎样的？\n   - 你如何进行版本控制和代码管理？\n\n2. **团队协作**\n   - 你使用过哪些团队协作工具（例如Jira, Confluence, Git）？\n   - 如何在团队中进行代码审查（Code Review）？\n\n3. **测试**\n   - 你如何为一个Spring Boot项目编写单元测试和集成测试？\n   - 介绍一下你使用过的测试框架（例如JUnit, Mockito）。\n\n### 实战场景题\n1. **设计一个简单的机器学习平台**\n   - 给出需求设计一个架构图，包含前端、后台服务、中间件、数据库。\n   - 谈谈如何实现一个模型训练和预测的端到端流程。\n\n2. **性能优化**\n   - 如何检查和优化Spring Boot应用的性能？\n   - 你将如何调优JPA查询性能？\n\n通过这些问题，您可以有效评估候选人在Java、Spring Boot、JPA以及团队协作和项目开发方面的知识和经验。希望这些问题能够帮助您筛选出合格的候选人。'}
=============================
[LOG]: 
{'timestamp': '2024-08-17T21:22:59.635385', 'role': 'user', 'message': '帮我设计一份面试题库，候选人通常是中国985高校的CS方向的在读学生或者应届毕业生，我需要和他们一起开发类似腾讯的太极机器学习平台，Idex平台，US平台，以及亚马逊的SageMaker类似的东西，技术栈是Java，需要用到的Framework是SpringBoot，用到的ORM是 JPA'}
=============================
[LOG]: 
{'timestamp': '2024-08-17T21:23:06.547899', 'role': 'assistant', 'message': '好的，我可以帮你设计一份面试题库，针对的候选人是中国985高校的CS方向在读学生或应届毕业生，他们将会参与开发类似腾讯太极机器学习平台，Idex平台，US平台，以及亚马逊SageMaker的系统，使用的技术栈包括Java，SpringBoot和JPA。以下是设计的面试题库，分为几个部分：基础知识、技术能力、问题解决与设计能力，以及行为与文化契合度。\n\n### 基础知识\n1. **Java基础**\n   - 介绍一下Java的内存模型。\n   - 解释一下Java的垃圾收集机制。\n   - 什么是Java中的异常处理？分别说一下checked exception和unchecked exception。\n   \n2. **SpringBoot**\n   - 简述SpringBoot的主要特点。\n   - 如何配置和使用SpringBoot中的REST API？\n   - 解释SpringBoot中的自动配置是如何工作的。\n   \n3. **JPA**\n   - 解释JPA是什么，它的主要作用是什么？\n   - 如何定义一个JPA实体类？\n   - 说一下JPA的常用注解和他们的作用，例如 `@Entity`, `@Id`, `@GeneratedValue` 等。\n\n### 技术能力\n1. **Java**\n   - 给定一个字符串，如何判断它是否是一个回文？\n   - 说明你在Java中怎么实现线程安全的单例模式。\n   \n2. **SpringBoot & JPA 集成**\n   - 请解释一下SpringBoot项目中如何配置数据库连接。\n   - 如何利用Spring Data JPA实现分页查询？\n   \n3. **项目实践**\n   - 请描述一个你使用SpringBoot和JPA完成的项目，包括你在这个项目中的角色和职责。\n   - 解释你在项目中遇到的最具挑战性的问题，以及你是如何解决的。\n\n### 问题解决与设计能力\n1. **系统设计**\n   - 如何设计一个高可用的分布式系统来处理海量数据？\n   - 假设你要设计一个机器学习平台的数据存储模块，你会如何设计这个模块？请考虑数据一致性和存储优化。\n   \n2. **代码优化**\n   - 当前系统运行速度慢，你会采取哪些措施来优化性能？\n   - 你如何评估你的代码质量？有哪些工具和方法？\n\n### 行为与文化契合度\n1. **团队合作**\n   - 请举一个你在团队中处理冲突的例子。\n   - 你如何确保你的代码便于他人维护和理解？\n   \n2. **学习与适应**\n   - 新技术层出不穷，你通常是如何学习和适应的？\n   - 当遇到你不了解的技术问题时，你会怎么处理？\n\n这些题目既涵盖了基础知识，也能够体现候选人的技术能力和实际问题解决能力，同时还能考察他们的团队合作和学习适应能力。希望这些题库对你的面试有所帮助，如果有需要进一步调整或增加的题目，可以继续讨论。'}
=============================
[LOG]: 
{'timestamp': '2024-08-17T21:23:53.662625', 'role': 'user', 'message': '你好，帮我挑一下杭州的房子'}
=============================
[LOG]: 
{'timestamp': '2024-08-17T21:23:55.136626', 'role': 'assistant', 'message': '当然，请问您在选择杭州的房子时，有什么特别的要求或偏好吗？比如，您更关注地段、价格还是周边设施等等？这样我可以更好地帮您推荐。'}
=============================
[LOG]: 
{'timestamp': '2024-08-17T21:26:47.592953', 'role': 'user', 'message': '帮我设计一份面试题库，候选人是中国985的学生'}
=============================
[LOG]: 
{'timestamp': '2024-08-17T21:26:55.852885', 'role': 'assistant', 'message': '好的，针对候选人是中国985高校的计算机科学方向在读学生或应届毕业生，并且技术栈为Java，项目涉及SpringBoot、JPA和机器学习相关平台（如腾讯的太极、Idex、US平台以及亚马逊的SageMaker），我设计了一份面试题库：\n\n### 部分一：Java基础与高级\n\n1. **Java基础**\n   - 介绍一下Java的内存管理机制。\n   - 什么是Java中的垃圾回收机制，常见的垃圾回收算法有哪些？\n\n2. **面向对象编程**\n   - 请讲述一下Java中的继承与多态机制，并举例说明。\n   - 接口与抽象类的异同点是什么？\n\n3. **Java集合框架**\n   - 列举Java集合框架中常用的接口和类，并说明各自的特点。\n   - 你如何选择使用ArrayList与LinkedList？\n\n### 部分二：SpringBoot与JPA\n\n1. **SpringBoot**\n   - 请解释一下SpringBoot的自动配置机制是如何实现的。\n   - 如何在SpringBoot中管理和配置项目的各种依赖关系？\n\n2. **JPA**\n   - 什么是JPA，一般用在哪些场景？\n   - 解释一下JPA中的实体(Entity)和持久化(Persistence)是什么。\n\n### 部分三：分布式系统与框架\n\n1. **分布式系统**\n   - 什么是CAP定理？它如何影响分布式系统的设计？\n   - 如何设计一个高可用的分布式系统？\n\n2. **框架与平台**\n   - 你对腾讯的太极机器学习平台了解多少？请简述其主要功能。\n   - 你了解亚马逊的SageMaker吗？它如何支持机器学习开发流程？\n\n### 部分四：项目实践与经验\n\n1. **项目设计与开发**\n   - 请你简述一个你参与的项目，描述你在其中的角色和主要贡献。\n   - 在项目开发过程中，你遇到过什么样的困难？你是如何解决的？\n\n2. **系统优化**\n   - 你如何优化一个Java应用程序的性能？\n   - 在一个分布式系统中，你如何确保数据的一致性与完整性？\n\n### 部分五：机器学习应用\n\n1. **机器学习概述**\n   - 简述一下机器学习的基本流程。\n   - 你使用过哪些机器学习框架或工具？\n\n2. **具体应用**\n   - 如果让你设计一个机器学习平台，你会如何架构它？\n   - 在像太极平台和SageMaker这样的系统中，如何实现模型的训练和部署？\n\n这些问题可以帮助你评估候选人在各个相关领域的基础和实践能力。同时，根据面试的具体情况，可以细化或调整问题，以更好地评估候选人的水平和适应能力。希望这对你有帮助！'}
=============================
[LOG]: 
{'timestamp': '2024-08-17T21:27:13.365513', 'role': 'user', 'message': '帮我设计一份面试题库，候选人通常是中国985高校的CS方向的在读学生或者应届毕业生，我需要和他们一起开发类似腾讯的太极机器学习平台，Idex平台，US平台，以及亚马逊的SageMaker类似的东西，技术栈是Java，需要用到的Framework是SpringBoot，用到的ORM是 JPA'}
=============================
[LOG]: 
{'timestamp': '2024-08-17T21:27:21.448932', 'role': 'assistant', 'message': '为了帮助你设计一份合适的面试题库，我将问题分为几大类，包括Java基础、SpringBoot、JPA、计算机科学基础和机器学习平台相关的实践题。\n\n### 一、Java基础\n1. **Java基础知识**\n   - 解释 Java 中的面向对象编程原则。\n   - 讲述 Java 中的异常处理机制。\n   - Java 和 C++ 有哪些主要区别？\n   \n2. **集合框架**\n   - 解释 Java 中的 List、Set 和 Map 的区别。\n   - 实现一个简单的链表，并编写插入和删除操作。\n\n3. **多线程与并发**\n   - 解释线程和进程的区别。\n   - 在Java中用多线程实现一个生产者消费者模型。\n   - 讲述 Java 中的 synchronized 和 ReentrantLock 的区别。\n\n### 二、SpringBoot\n1. **基础知识**\n   - 解释什么是SpringBoot，它的主要特点有哪些？\n   - 如何使用SpringBoot创建一个简单的web应用？\n   - 讲述Spring Boot的自动配置机制。\n\n2. **依赖注入和控制反转**\n   - 解释什么是控制反转（IoC）和依赖注入（DI）。\n   - 讲述 @Autowired、@Component、@Service、@Repository 的区别和用法。\n\n3. **RESTful服务**\n   - 如何在SpringBoot中创建一个RESTful接口？\n   - 讲述SpringBoot中处理跨域问题的方法。\n\n### 三、JPA（Java Persistence API）\n1. **基础知识**\n   - 解释什么是JPA，它的主要用途是什么？\n   - 讲述@Entity, @Id, @GeneratedValue注解的作用。\n\n2. **查询和操作**\n   - 如何使用JPA进行基本的CRUD操作？\n   - 解释JPA中的JPQL和Criteria API。\n\n3. **高级功能**\n   - 讲述JPA中的级联操作（Cascading）和懒加载（Lazy Loading）。\n   - 实现一个一对多（OneToMany）的实体关系。\n\n### 四、计算机科学基础\n1. **数据结构与算法**\n   - 讲述常用的排序算法（如快速排序，归并排序）的实现和时间复杂度。\n   - 解释哈希表的工作原理及其应用场景。\n\n2. **操作系统与网络**\n   - 讲述操作系统中的进程调度算法。\n   - 解释 TCP 和 UDP 的区别及应用场景。\n\n### 五、机器学习平台相关实践题\n1. **项目设计与架构**\n   - 设计一个类似于亚马逊SageMaker的机器学习平台，包括数据处理模块和模型训练模块。\n   - 讲述如何使用SpringBoot 和 JPA 设计一个简单的任务调度系统。\n\n2. **实践操作**\n   - 请描述如何在SpringBoot项目中集成一个机器学习模型，包括前处理、训练和预测接口的设计。\n   - 实现一个简单的REST接口，接收模型训练数据，并返回训练结果。\n\n这样的一份面试题库能够涵盖候选人的基础知识、技术实践能力以及项目设计和架构能力，帮助识别出适合项目开发需求的优秀人才。希望对你的面试过程有所帮助！'}
=============================
