[LOG]: 
{'timestamp': '2024-08-11T12:22:57.990519', 'role': 'user', 'message': 'zsn又是什么'}
=============================
[LOG]: 
{'timestamp': '2024-08-11T12:23:00.942523', 'role': 'assistant', 'message': '“ZSN” 可能是指不同的事物，具体需根据上下文来判断，但以下是几个常见的解释：\n\n1. **耳机型号**：ZSN 是 KZ（凯卓）品牌生产的一款入耳式耳机型号。KZ 是一家以性价比著称的音频设备制造商，而ZSN系列通常受到发烧友的喜爱，因为它们在音质和价格之间提供了很好的平衡。\n\n2. **机场代码**：在一些场合，ZSN 也可能是某个机场的IATA代码。不过具体是哪一个需要进一步确认。\n\n3. **其他缩写**：在不同的语境中，ZSN 可能是某个组织、公司的缩写或特定术语。\n\n请提供更多的上下文，这样我可以帮助你更精确地确定ZSN的含义。'}
=============================
[LOG]: 
{'timestamp': '2024-08-11T12:25:09.589397', 'role': 'user', 'message': '这也可以是一个新对话吗'}
=============================
[LOG]: 
{'timestamp': '2024-08-11T12:25:10.557834', 'role': 'assistant', 'message': '当然可以！请问你有什么问题或需要帮助的吗？'}
=============================
[LOG]: 
{'timestamp': '2024-08-11T12:25:25.130779', 'role': 'user', 'message': '好奇怪啊，你能给出什么解释呢'}
=============================
[LOG]: 
{'timestamp': '2024-08-11T12:25:26.165318', 'role': 'assistant', 'message': '能具体说说你觉得奇怪的是什么吗？这样我可以更好地帮你分析和解释。'}
=============================
[LOG]: 
{'timestamp': '2024-08-12T14:29:02.562785', 'role': 'user', 'message': '请帮我用学术、严谨、标准、简练的英文润色这段文本，要尽量保持原意但是要尽量简练，要表述清晰避免歧义，不要有任何歧义：”””Study 1, we measured perceived gain and loss in three types of typical take-over tasks with different safety risk: Route Selection~\\cite{sheng2021trust},“”“'}
=============================
[LOG]: 
{'timestamp': '2024-08-12T14:29:03.204775', 'role': 'assistant', 'message': 'Study 1 involved measuring perceived gain and loss in three types of typical take-over tasks, each with varying levels of safety risk: Route Selection~\\cite{sheng2021trust}.'}
=============================
[LOG]: 
{'timestamp': '2024-08-12T14:36:13.300379', 'role': 'user', 'message': '请帮我用学术、严谨、标准、简练的英文润色这段文本，要尽量保持原意但是要尽量简练，要表述清晰避免歧义，不要有任何歧义：”””Study 1, we measured perceived gain and loss in three types of typical take-over tasks with different safety risk: Route Selection~\\cite{sheng2021trust},“”“'}
=============================
[LOG]: 
{'timestamp': '2024-08-12T14:36:14.030815', 'role': 'assistant', 'message': 'In Study 1, we assessed perceived gains and losses across three types of take-over tasks with varying safety risks: Route Selection~\\cite{sheng2021trust}.'}
=============================
[LOG]: 
{'timestamp': '2024-08-12T14:36:38.142848', 'role': 'user', 'message': '请帮我用学术、严谨、标准、简练的英文润色这段文本，要尽量保持原意但是要尽量简练，要表述清晰避免歧义，不要有任何歧义：”””Study 1, we measured perceived gain and loss in three types of typical take-over tasks with different safety risk: Route Selection~\\cite{sheng2021trust},“”“'}
=============================
[LOG]: 
{'timestamp': '2024-08-12T14:36:38.922893', 'role': 'assistant', 'message': 'In Study 1, we measured perceived gains and losses in three typical take-over tasks with varying safety risks: Route Selection \\cite{sheng2021trust}.'}
=============================
[LOG]: 
{'timestamp': '2024-08-12T15:02:41.304759', 'role': 'user', 'message': '<mark>请帮我用学术、严谨、标准、简练的英文润色这段文本</mark>，要尽量保持原意但是要尽量简练，要表述清晰避免歧义，不要有任何歧义：”””<mark>Study 1, we measured perceived gain and loss in three types of typical take-over tasks with different safety risk: Route Selection~\\cite{sheng2021trust}</mark>,“”“'}
=============================
[LOG]: 
{'timestamp': '2024-08-12T15:02:42.131740', 'role': 'assistant', 'message': 'In Study 1, we assessed perceived gains and losses in three typical take-over tasks, each with varying safety risks: Route Selection~\\cite{sheng2021trust}.'}
=============================
